#
# There is insufficient memory for the Java Runtime Environment to continue.
# Native memory allocation (mmap) failed to map 716177408 bytes for committing reserved memory.
# Possible reasons:
#   The system is out of physical RAM or swap space
#   The process is running with CompressedOops enabled, and the Java Heap may be blocking the growth of the native heap
# Possible solutions:
#   Reduce memory load on the system
#   Increase physical memory or swap space
#   Check if swap backing store is full
#   Decrease Java heap size (-Xmx/-Xms)
#   Decrease number of Java threads
#   Decrease Java thread stack sizes (-Xss)
#   Set larger code cache with -XX:ReservedCodeCacheSize=
# This output file may be truncated or incomplete.
#
#  Out of Memory Error (os_linux.cpp:2756), pid=6967, tid=0x00007fd65f370700
#
# JRE version:  (8.0_212-b03) (build )
# Java VM: OpenJDK 64-Bit Server VM (25.212-b03 mixed mode linux-amd64 compressed oops)
# Failed to write core dump. Core dumps have been disabled. To enable core dumping, try "ulimit -c unlimited" before starting Java again
#

---------------  T H R E A D  ---------------

Current thread (0x00007fd65800b000):  JavaThread "Unknown thread" [_thread_in_vm, id=6968, stack(0x00007fd65f271000,0x00007fd65f371000)]

Stack: [0x00007fd65f271000,0x00007fd65f371000],  sp=0x00007fd65f36f5d0,  free space=1017k
Native frames: (J=compiled Java code, j=interpreted, Vv=VM code, C=native code)
V  [libjvm.so+0xab46a2]
V  [libjvm.so+0x4db6b7]
V  [libjvm.so+0x8ef7b0]
V  [libjvm.so+0x8e68ce]
V  [libjvm.so+0x96a406]
V  [libjvm.so+0x95a71c]
V  [libjvm.so+0x2b418e]
V  [libjvm.so+0x917371]
V  [libjvm.so+0xa76baa]
V  [libjvm.so+0xa76ea5]
V  [libjvm.so+0x6283df]
V  [libjvm.so+0xa5a8e3]
V  [libjvm.so+0x6aa8c1]  JNI_CreateJavaVM+0x61
C  [libjli.so+0x2c64]
C  [libjli.so+0x761d]
C  [libpthread.so.0+0x76db]  start_thread+0xdb


---------------  P R O C E S S  ---------------

Java Threads: ( => current thread )

Other Threads:

=>0x00007fd65800b000 (exited) JavaThread "Unknown thread" [_thread_in_vm, id=6968, stack(0x00007fd65f271000,0x00007fd65f371000)]

VM state:not at safepoint (not fully initialized)

VM Mutex/Monitor currently owned by a thread: None

heap address: 0x00000000c0000000, size: 1024 MB, Compressed Oops mode: Non-zero based:0x00000000bffff000
Narrow klass base: 0x0000000000000000, Narrow klass shift: 0

GC Heap History (0 events):
No events

Deoptimization events (0 events):
No events

Classes redefined (0 events):
No events

Internal exceptions (0 events):
No events

Events (0 events):
No events


Dynamic libraries:
eab00000-100000000 rw-p 00000000 00:00 0 
5583aab6b000-5583aab6c000 r-xp 00000000 08:01 14811473                   /usr/lib/jvm/java-8-openjdk-amd64/jre/bin/java
5583aad6b000-5583aad6c000 r--p 00000000 08:01 14811473                   /usr/lib/jvm/java-8-openjdk-amd64/jre/bin/java
5583aad6c000-5583aad6d000 rw-p 00001000 08:01 14811473                   /usr/lib/jvm/java-8-openjdk-amd64/jre/bin/java
5583accc2000-5583acce3000 rw-p 00000000 00:00 0                          [heap]
7fd64f5ca000-7fd64f71f000 ---p 00000000 00:00 0 
7fd64f71f000-7fd64f7d5000 rw-p 00000000 00:00 0 
7fd64f7d5000-7fd64f9cb000 ---p 00000000 00:00 0 
7fd64f9cb000-7fd64fc3b000 rwxp 00000000 00:00 0 
7fd64fc3b000-7fd6579cb000 ---p 00000000 00:00 0 
7fd6579cb000-7fd6579d3000 r-xp 00000000 08:01 14811522                   /usr/lib/jvm/java-8-openjdk-amd64/jre/lib/amd64/libzip.so
7fd6579d3000-7fd657bd2000 ---p 00008000 08:01 14811522                   /usr/lib/jvm/java-8-openjdk-amd64/jre/lib/amd64/libzip.so
7fd657bd2000-7fd657bd3000 r--p 00007000 08:01 14811522                   /usr/lib/jvm/java-8-openjdk-amd64/jre/lib/amd64/libzip.so
7fd657bd3000-7fd657bd4000 rw-p 00008000 08:01 14811522                   /usr/lib/jvm/java-8-openjdk-amd64/jre/lib/amd64/libzip.so
7fd657bd4000-7fd657bdf000 r-xp 00000000 08:01 28709662                   /lib/x86_64-linux-gnu/libnss_files-2.27.so
7fd657bdf000-7fd657dde000 ---p 0000b000 08:01 28709662                   /lib/x86_64-linux-gnu/libnss_files-2.27.so
7fd657dde000-7fd657ddf000 r--p 0000a000 08:01 28709662                   /lib/x86_64-linux-gnu/libnss_files-2.27.so
7fd657ddf000-7fd657de0000 rw-p 0000b000 08:01 28709662                   /lib/x86_64-linux-gnu/libnss_files-2.27.so
7fd657de0000-7fd657de6000 rw-p 00000000 00:00 0 
7fd657de6000-7fd657dfd000 r-xp 00000000 08:01 28709656                   /lib/x86_64-linux-gnu/libnsl-2.27.so
7fd657dfd000-7fd657ffc000 ---p 00017000 08:01 28709656                   /lib/x86_64-linux-gnu/libnsl-2.27.so
7fd657ffc000-7fd657ffd000 r--p 00016000 08:01 28709656                   /lib/x86_64-linux-gnu/libnsl-2.27.so
7fd657ffd000-7fd657ffe000 rw-p 00017000 08:01 28709656                   /lib/x86_64-linux-gnu/libnsl-2.27.so
7fd657ffe000-7fd658000000 rw-p 00000000 00:00 0 
7fd658000000-7fd658033000 rw-p 00000000 00:00 0 
7fd658033000-7fd65c000000 ---p 00000000 00:00 0 
7fd65c1fc000-7fd65c207000 r-xp 00000000 08:01 28709673                   /lib/x86_64-linux-gnu/libnss_nis-2.27.so
7fd65c207000-7fd65c406000 ---p 0000b000 08:01 28709673                   /lib/x86_64-linux-gnu/libnss_nis-2.27.so
7fd65c406000-7fd65c407000 r--p 0000a000 08:01 28709673                   /lib/x86_64-linux-gnu/libnss_nis-2.27.so
7fd65c407000-7fd65c408000 rw-p 0000b000 08:01 28709673                   /lib/x86_64-linux-gnu/libnss_nis-2.27.so
7fd65c408000-7fd65c410000 r-xp 00000000 08:01 28709658                   /lib/x86_64-linux-gnu/libnss_compat-2.27.so
7fd65c410000-7fd65c610000 ---p 00008000 08:01 28709658                   /lib/x86_64-linux-gnu/libnss_compat-2.27.so
7fd65c610000-7fd65c611000 r--p 00008000 08:01 28709658                   /lib/x86_64-linux-gnu/libnss_compat-2.27.so
7fd65c611000-7fd65c612000 rw-p 00009000 08:01 28709658                   /lib/x86_64-linux-gnu/libnss_compat-2.27.so
7fd65c612000-7fd65c63e000 r-xp 00000000 08:01 14811503                   /usr/lib/jvm/java-8-openjdk-amd64/jre/lib/amd64/libjava.so
7fd65c63e000-7fd65c83d000 ---p 0002c000 08:01 14811503                   /usr/lib/jvm/java-8-openjdk-amd64/jre/lib/amd64/libjava.so
7fd65c83d000-7fd65c83e000 r--p 0002b000 08:01 14811503                   /usr/lib/jvm/java-8-openjdk-amd64/jre/lib/amd64/libjava.so
7fd65c83e000-7fd65c840000 rw-p 0002c000 08:01 14811503                   /usr/lib/jvm/java-8-openjdk-amd64/jre/lib/amd64/libjava.so
7fd65c840000-7fd65c850000 r-xp 00000000 08:01 14811521                   /usr/lib/jvm/java-8-openjdk-amd64/jre/lib/amd64/libverify.so
7fd65c850000-7fd65ca4f000 ---p 00010000 08:01 14811521                   /usr/lib/jvm/java-8-openjdk-amd64/jre/lib/amd64/libverify.so
7fd65ca4f000-7fd65ca51000 r--p 0000f000 08:01 14811521                   /usr/lib/jvm/java-8-openjdk-amd64/jre/lib/amd64/libverify.so
7fd65ca51000-7fd65ca52000 rw-p 00011000 08:01 14811521                   /usr/lib/jvm/java-8-openjdk-amd64/jre/lib/amd64/libverify.so
7fd65ca52000-7fd65ca59000 r-xp 00000000 08:01 28709713                   /lib/x86_64-linux-gnu/librt-2.27.so
7fd65ca59000-7fd65cc58000 ---p 00007000 08:01 28709713                   /lib/x86_64-linux-gnu/librt-2.27.so
7fd65cc58000-7fd65cc59000 r--p 00006000 08:01 28709713                   /lib/x86_64-linux-gnu/librt-2.27.so
7fd65cc59000-7fd65cc5a000 rw-p 00007000 08:01 28709713                   /lib/x86_64-linux-gnu/librt-2.27.so
7fd65cc5a000-7fd65cc71000 r-xp 00000000 08:01 28704791                   /lib/x86_64-linux-gnu/libgcc_s.so.1
7fd65cc71000-7fd65ce70000 ---p 00017000 08:01 28704791                   /lib/x86_64-linux-gnu/libgcc_s.so.1
7fd65ce70000-7fd65ce71000 r--p 00016000 08:01 28704791                   /lib/x86_64-linux-gnu/libgcc_s.so.1
7fd65ce71000-7fd65ce72000 rw-p 00017000 08:01 28704791                   /lib/x86_64-linux-gnu/libgcc_s.so.1
7fd65ce72000-7fd65d00f000 r-xp 00000000 08:01 28709635                   /lib/x86_64-linux-gnu/libm-2.27.so
7fd65d00f000-7fd65d20e000 ---p 0019d000 08:01 28709635                   /lib/x86_64-linux-gnu/libm-2.27.so
7fd65d20e000-7fd65d20f000 r--p 0019c000 08:01 28709635                   /lib/x86_64-linux-gnu/libm-2.27.so
7fd65d20f000-7fd65d210000 rw-p 0019d000 08:01 28709635                   /lib/x86_64-linux-gnu/libm-2.27.so
7fd65d210000-7fd65d389000 r-xp 00000000 08:01 14688072                   /usr/lib/x86_64-linux-gnu/libstdc++.so.6.0.25
7fd65d389000-7fd65d589000 ---p 00179000 08:01 14688072                   /usr/lib/x86_64-linux-gnu/libstdc++.so.6.0.25
7fd65d589000-7fd65d593000 r--p 00179000 08:01 14688072                   /usr/lib/x86_64-linux-gnu/libstdc++.so.6.0.25
7fd65d593000-7fd65d595000 rw-p 00183000 08:01 14688072                   /usr/lib/x86_64-linux-gnu/libstdc++.so.6.0.25
7fd65d595000-7fd65d599000 rw-p 00000000 00:00 0 
7fd65d599000-7fd65e236000 r-xp 00000000 08:01 14811525                   /usr/lib/jvm/java-8-openjdk-amd64/jre/lib/amd64/server/libjvm.so
7fd65e236000-7fd65e435000 ---p 00c9d000 08:01 14811525                   /usr/lib/jvm/java-8-openjdk-amd64/jre/lib/amd64/server/libjvm.so
7fd65e435000-7fd65e4c9000 r--p 00c9c000 08:01 14811525                   /usr/lib/jvm/java-8-openjdk-amd64/jre/lib/amd64/server/libjvm.so
7fd65e4c9000-7fd65e4f2000 rw-p 00d30000 08:01 14811525                   /usr/lib/jvm/java-8-openjdk-amd64/jre/lib/amd64/server/libjvm.so
7fd65e4f2000-7fd65e522000 rw-p 00000000 00:00 0 
7fd65e522000-7fd65e53c000 r-xp 00000000 08:01 28709705                   /lib/x86_64-linux-gnu/libpthread-2.27.so
7fd65e53c000-7fd65e73b000 ---p 0001a000 08:01 28709705                   /lib/x86_64-linux-gnu/libpthread-2.27.so
7fd65e73b000-7fd65e73c000 r--p 00019000 08:01 28709705                   /lib/x86_64-linux-gnu/libpthread-2.27.so
7fd65e73c000-7fd65e73d000 rw-p 0001a000 08:01 28709705                   /lib/x86_64-linux-gnu/libpthread-2.27.so
7fd65e73d000-7fd65e741000 rw-p 00000000 00:00 0 
7fd65e741000-7fd65e744000 r-xp 00000000 08:01 28709595                   /lib/x86_64-linux-gnu/libdl-2.27.so
7fd65e744000-7fd65e943000 ---p 00003000 08:01 28709595                   /lib/x86_64-linux-gnu/libdl-2.27.so
7fd65e943000-7fd65e944000 r--p 00002000 08:01 28709595                   /lib/x86_64-linux-gnu/libdl-2.27.so
7fd65e944000-7fd65e945000 rw-p 00003000 08:01 28709595                   /lib/x86_64-linux-gnu/libdl-2.27.so
7fd65e945000-7fd65e961000 r-xp 00000000 08:01 28709744                   /lib/x86_64-linux-gnu/libz.so.1.2.11
7fd65e961000-7fd65eb60000 ---p 0001c000 08:01 28709744                   /lib/x86_64-linux-gnu/libz.so.1.2.11
7fd65eb60000-7fd65eb61000 r--p 0001b000 08:01 28709744                   /lib/x86_64-linux-gnu/libz.so.1.2.11
7fd65eb61000-7fd65eb62000 rw-p 0001c000 08:01 28709744                   /lib/x86_64-linux-gnu/libz.so.1.2.11
7fd65eb62000-7fd65ed49000 r-xp 00000000 08:01 28709572                   /lib/x86_64-linux-gnu/libc-2.27.so
7fd65ed49000-7fd65ef49000 ---p 001e7000 08:01 28709572                   /lib/x86_64-linux-gnu/libc-2.27.so
7fd65ef49000-7fd65ef4d000 r--p 001e7000 08:01 28709572                   /lib/x86_64-linux-gnu/libc-2.27.so
7fd65ef4d000-7fd65ef4f000 rw-p 001eb000 08:01 28709572                   /lib/x86_64-linux-gnu/libc-2.27.so
7fd65ef4f000-7fd65ef53000 rw-p 00000000 00:00 0 
7fd65ef53000-7fd65ef61000 r-xp 00000000 08:01 14811489                   /usr/lib/jvm/java-8-openjdk-amd64/jre/lib/amd64/jli/libjli.so
7fd65ef61000-7fd65f160000 ---p 0000e000 08:01 14811489                   /usr/lib/jvm/java-8-openjdk-amd64/jre/lib/amd64/jli/libjli.so
7fd65f160000-7fd65f161000 r--p 0000d000 08:01 14811489                   /usr/lib/jvm/java-8-openjdk-amd64/jre/lib/amd64/jli/libjli.so
7fd65f161000-7fd65f162000 rw-p 0000e000 08:01 14811489                   /usr/lib/jvm/java-8-openjdk-amd64/jre/lib/amd64/jli/libjli.so
7fd65f162000-7fd65f189000 r-xp 00000000 08:01 28709544                   /lib/x86_64-linux-gnu/ld-2.27.so
7fd65f270000-7fd65f271000 ---p 00000000 00:00 0 
7fd65f271000-7fd65f274000 ---p 00000000 00:00 0 
7fd65f274000-7fd65f373000 rw-p 00000000 00:00 0 
7fd65f37d000-7fd65f385000 rw-s 00000000 08:01 20579319                   /tmp/hsperfdata_ktennyson/6967
7fd65f385000-7fd65f386000 rw-p 00000000 00:00 0 
7fd65f386000-7fd65f387000 r--p 00000000 00:00 0 
7fd65f387000-7fd65f389000 rw-p 00000000 00:00 0 
7fd65f389000-7fd65f38a000 r--p 00027000 08:01 28709544                   /lib/x86_64-linux-gnu/ld-2.27.so
7fd65f38a000-7fd65f38b000 rw-p 00028000 08:01 28709544                   /lib/x86_64-linux-gnu/ld-2.27.so
7fd65f38b000-7fd65f38c000 rw-p 00000000 00:00 0 
7ffe3a22e000-7ffe3a24f000 rw-p 00000000 00:00 0                          [stack]
7ffe3a2b3000-7ffe3a2b6000 r--p 00000000 00:00 0                          [vvar]
7ffe3a2b6000-7ffe3a2b8000 r-xp 00000000 00:00 0                          [vdso]
ffffffffff600000-ffffffffff601000 r-xp 00000000 00:00 0                  [vsyscall]

VM Arguments:
jvm_args: -Xms1024m -Xmx1024m -XX:ReservedCodeCacheSize=128m -XX:MaxMetaspaceSize=256m 
java_command: /usr/share/sbt/bin/sbt-launch.jar clean clean-file
java_class_path (initial): /usr/share/sbt/bin/sbt-launch.jar
Launcher Type: SUN_STANDARD

Environment Variables:
PATH=/usr/local/sbin:/usr/local/bin:/usr/sbin:/usr/bin:/sbin:/bin:/usr/games:/usr/local/games:/snap/bin
USERNAME=ktennyson
SHELL=/bin/bash
DISPLAY=:0

Signal Handlers:
SIGSEGV: [libjvm.so+0xab5000], sa_mask[0]=11111111011111111101111111111110, sa_flags=SA_RESTART|SA_SIGINFO
SIGBUS: [libjvm.so+0xab5000], sa_mask[0]=11111111011111111101111111111110, sa_flags=SA_RESTART|SA_SIGINFO
SIGFPE: [libjvm.so+0x8ea970], sa_mask[0]=11111111011111111101111111111110, sa_flags=SA_RESTART|SA_SIGINFO
SIGPIPE: [libjvm.so+0x8ea970], sa_mask[0]=11111111011111111101111111111110, sa_flags=SA_RESTART|SA_SIGINFO
SIGXFSZ: [libjvm.so+0x8ea970], sa_mask[0]=11111111011111111101111111111110, sa_flags=SA_RESTART|SA_SIGINFO
SIGILL: [libjvm.so+0x8ea970], sa_mask[0]=11111111011111111101111111111110, sa_flags=SA_RESTART|SA_SIGINFO
SIGUSR1: SIG_DFL, sa_mask[0]=00000000000000000000000000000000, sa_flags=none
SIGUSR2: [libjvm.so+0x8ea820], sa_mask[0]=00000000000000000000000000000000, sa_flags=SA_RESTART|SA_SIGINFO
SIGHUP: SIG_DFL, sa_mask[0]=00000000000000000000000000000000, sa_flags=none
SIGINT: SIG_DFL, sa_mask[0]=00000000000000000000000000000000, sa_flags=none
SIGTERM: SIG_DFL, sa_mask[0]=00000000000000000000000000000000, sa_flags=none
SIGQUIT: SIG_DFL, sa_mask[0]=00000000000000000000000000000000, sa_flags=none


---------------  S Y S T E M  ---------------

OS:DISTRIB_ID=Ubuntu
DISTRIB_RELEASE=18.04
DISTRIB_CODENAME=bionic
DISTRIB_DESCRIPTION="Ubuntu 18.04.2 LTS"

uname:Linux 4.18.0-25-generic #26~18.04.1-Ubuntu SMP Thu Jun 27 07:28:31 UTC 2019 x86_64
libc:glibc 2.27 NPTL 2.27 
rlimit: STACK 8192k, CORE 0k, NPROC 15181, NOFILE 4096, AS infinity
load average:4.17 3.16 2.61

/proc/meminfo:
MemTotal:        3931772 kB
MemFree:          124876 kB
MemAvailable:     267076 kB
Buffers:           25728 kB
Cached:           576316 kB
SwapCached:         5212 kB
Active:          2665432 kB
Inactive:         797204 kB
Active(anon):    2493096 kB
Inactive(anon):   654548 kB
Active(file):     172336 kB
Inactive(file):   142656 kB
Unevictable:          48 kB
Mlocked:              48 kB
SwapTotal:       2097148 kB
SwapFree:              8 kB
Dirty:               232 kB
Writeback:             0 kB
AnonPages:       2856168 kB
Mapped:           353676 kB
Shmem:            287176 kB
Slab:             181564 kB
SReclaimable:      61412 kB
SUnreclaim:       120152 kB
KernelStack:       17664 kB
PageTables:        75924 kB
NFS_Unstable:          0 kB
Bounce:                0 kB
WritebackTmp:          0 kB
CommitLimit:     4063032 kB
Committed_AS:   15310276 kB
VmallocTotal:   34359738367 kB
VmallocUsed:           0 kB
VmallocChunk:          0 kB
HardwareCorrupted:     0 kB
AnonHugePages:         0 kB
ShmemHugePages:        0 kB
ShmemPmdMapped:        0 kB
CmaTotal:              0 kB
CmaFree:               0 kB
HugePages_Total:       0
HugePages_Free:        0
HugePages_Rsvd:        0
HugePages_Surp:        0
Hugepagesize:       2048 kB
Hugetlb:               0 kB
DirectMap4k:      288208 kB
DirectMap2M:     3801088 kB

container (cgroup) information:
container_type: cgroupv1
cpu_cpuset_cpus: 0-3
cpu_memory_nodes: 0
active_processor_count: 4
cpu_quota: -1
cpu_period: 100000
cpu_shares: -1
memory_limit_in_bytes: -1
memory_and_swap_limit_in_bytes: -2
memory_soft_limit_in_bytes: -1
memory_usage_in_bytes: 3607085056
memory_max_usage_in_bytes: 3661606912


CPU:total 4 (initial active 4) (2 cores per cpu, 2 threads per core) family 6 model 42 stepping 7, cmov, cx8, fxsr, mmx, sse, sse2, sse3, ssse3, sse4.1, sse4.2, popcnt, avx, aes, clmul, ht, tsc, tscinvbit

/proc/cpuinfo:
processor	: 0
vendor_id	: GenuineIntel
cpu family	: 6
model		: 42
model name	: Intel(R) Core(TM) i5-2430M CPU @ 2.40GHz
stepping	: 7
microcode	: 0x2f
cpu MHz		: 851.851
cache size	: 3072 KB
physical id	: 0
siblings	: 4
core id		: 0
cpu cores	: 2
apicid		: 0
initial apicid	: 0
fpu		: yes
fpu_exception	: yes
cpuid level	: 13
wp		: yes
flags		: fpu vme de pse tsc msr pae mce cx8 apic sep mtrr pge mca cmov pat pse36 clflush dts acpi mmx fxsr sse sse2 ss ht tm pbe syscall nx rdtscp lm constant_tsc arch_perfmon pebs bts rep_good nopl xtopology nonstop_tsc cpuid aperfmperf pni pclmulqdq dtes64 monitor ds_cpl vmx est tm2 ssse3 cx16 xtpr pdcm pcid sse4_1 sse4_2 x2apic popcnt tsc_deadline_timer aes xsave avx lahf_lm epb pti ssbd ibrs ibpb stibp tpr_shadow vnmi flexpriority ept vpid xsaveopt dtherm ida arat pln pts md_clear flush_l1d
bugs		: cpu_meltdown spectre_v1 spectre_v2 spec_store_bypass l1tf mds
bogomips	: 4789.59
clflush size	: 64
cache_alignment	: 64
address sizes	: 36 bits physical, 48 bits virtual
power management:

processor	: 1
vendor_id	: GenuineIntel
cpu family	: 6
model		: 42
model name	: Intel(R) Core(TM) i5-2430M CPU @ 2.40GHz
stepping	: 7
microcode	: 0x2f
cpu MHz		: 811.543
cache size	: 3072 KB
physical id	: 0
siblings	: 4
core id		: 1
cpu cores	: 2
apicid		: 2
initial apicid	: 2
fpu		: yes
fpu_exception	: yes
cpuid level	: 13
wp		: yes
flags		: fpu vme de pse tsc msr pae mce cx8 apic sep mtrr pge mca cmov pat pse36 clflush dts acpi mmx fxsr sse sse2 ss ht tm pbe syscall nx rdtscp lm constant_tsc arch_perfmon pebs bts rep_good nopl xtopology nonstop_tsc cpuid aperfmperf pni pclmulqdq dtes64 monitor ds_cpl vmx est tm2 ssse3 cx16 xtpr pdcm pcid sse4_1 sse4_2 x2apic popcnt tsc_deadline_timer aes xsave avx lahf_lm epb pti ssbd ibrs ibpb stibp tpr_shadow vnmi flexpriority ept vpid xsaveopt dtherm ida arat pln pts md_clear flush_l1d
bugs		: cpu_meltdown spectre_v1 spectre_v2 spec_store_bypass l1tf mds
bogomips	: 4789.59
clflush size	: 64
cache_alignment	: 64
address sizes	: 36 bits physical, 48 bits virtual
power management:

processor	: 2
vendor_id	: GenuineIntel
cpu family	: 6
model		: 42
model name	: Intel(R) Core(TM) i5-2430M CPU @ 2.40GHz
stepping	: 7
microcode	: 0x2f
cpu MHz		: 803.662
cache size	: 3072 KB
physical id	: 0
siblings	: 4
core id		: 0
cpu cores	: 2
apicid		: 1
initial apicid	: 1
fpu		: yes
fpu_exception	: yes
cpuid level	: 13
wp		: yes
flags		: fpu vme de pse tsc msr pae mce cx8 apic sep mtrr pge mca cmov pat pse36 clflush dts acpi mmx fxsr sse sse2 ss ht tm pbe syscall nx rdtscp lm constant_tsc arch_perfmon pebs bts rep_good nopl xtopology nonstop_tsc cpuid aperfmperf pni pclmulqdq dtes64 monitor ds_cpl vmx est tm2 ssse3 cx16 xtpr pdcm pcid sse4_1 sse4_2 x2apic popcnt tsc_deadline_timer aes xsave avx lahf_lm epb pti ssbd ibrs ibpb stibp tpr_shadow vnmi flexpriority ept vpid xsaveopt dtherm ida arat pln pts md_clear flush_l1d
bugs		: cpu_meltdown spectre_v1 spectre_v2 spec_store_bypass l1tf mds
bogomips	: 4789.59
clflush size	: 64
cache_alignment	: 64
address sizes	: 36 bits physical, 48 bits virtual
power management:

processor	: 3
vendor_id	: GenuineIntel
cpu family	: 6
model		: 42
model name	: Intel(R) Core(TM) i5-2430M CPU @ 2.40GHz
stepping	: 7
microcode	: 0x2f
cpu MHz		: 800.539
cache size	: 3072 KB
physical id	: 0
siblings	: 4
core id		: 1
cpu cores	: 2
apicid		: 3
initial apicid	: 3
fpu		: yes
fpu_exception	: yes
cpuid level	: 13
wp		: yes
flags		: fpu vme de pse tsc msr pae mce cx8 apic sep mtrr pge mca cmov pat pse36 clflush dts acpi mmx fxsr sse sse2 ss ht tm pbe syscall nx rdtscp lm constant_tsc arch_perfmon pebs bts rep_good nopl xtopology nonstop_tsc cpuid aperfmperf pni pclmulqdq dtes64 monitor ds_cpl vmx est tm2 ssse3 cx16 xtpr pdcm pcid sse4_1 sse4_2 x2apic popcnt tsc_deadline_timer aes xsave avx lahf_lm epb pti ssbd ibrs ibpb stibp tpr_shadow vnmi flexpriority ept vpid xsaveopt dtherm ida arat pln pts md_clear flush_l1d
bugs		: cpu_meltdown spectre_v1 spectre_v2 spec_store_bypass l1tf mds
bogomips	: 4789.59
clflush size	: 64
cache_alignment	: 64
address sizes	: 36 bits physical, 48 bits virtual
power management:



Memory: 4k page, physical 3931772k(124900k free), swap 2097148k(8k free)

vm_info: OpenJDK 64-Bit Server VM (25.212-b03) for linux-amd64 JRE (1.8.0_212-8u212-b03-0ubuntu1.18.04.1-b03), built on Apr 26 2019 01:04:36 by "buildd" with gcc 7.3.0

time: Wed Jul 24 12:50:00 2019
timezone: IST
elapsed time: 0 seconds (0d 0h 0m 0s)

