#
# There is insufficient memory for the Java Runtime Environment to continue.
# Native memory allocation (mmap) failed to map 716177408 bytes for committing reserved memory.
# Possible reasons:
#   The system is out of physical RAM or swap space
#   The process is running with CompressedOops enabled, and the Java Heap may be blocking the growth of the native heap
# Possible solutions:
#   Reduce memory load on the system
#   Increase physical memory or swap space
#   Check if swap backing store is full
#   Decrease Java heap size (-Xmx/-Xms)
#   Decrease number of Java threads
#   Decrease Java thread stack sizes (-Xss)
#   Set larger code cache with -XX:ReservedCodeCacheSize=
# This output file may be truncated or incomplete.
#
#  Out of Memory Error (os_linux.cpp:2756), pid=7233, tid=0x00007fb88f23b700
#
# JRE version:  (8.0_212-b03) (build )
# Java VM: OpenJDK 64-Bit Server VM (25.212-b03 mixed mode linux-amd64 compressed oops)
# Failed to write core dump. Core dumps have been disabled. To enable core dumping, try "ulimit -c unlimited" before starting Java again
#

---------------  T H R E A D  ---------------

Current thread (0x00007fb88800b000):  JavaThread "Unknown thread" [_thread_in_vm, id=7234, stack(0x00007fb88f13c000,0x00007fb88f23c000)]

Stack: [0x00007fb88f13c000,0x00007fb88f23c000],  sp=0x00007fb88f23a5d0,  free space=1017k
Native frames: (J=compiled Java code, j=interpreted, Vv=VM code, C=native code)
V  [libjvm.so+0xab46a2]
V  [libjvm.so+0x4db6b7]
V  [libjvm.so+0x8ef7b0]
V  [libjvm.so+0x8e68ce]
V  [libjvm.so+0x96a406]
V  [libjvm.so+0x95a71c]
V  [libjvm.so+0x2b418e]
V  [libjvm.so+0x917371]
V  [libjvm.so+0xa76baa]
V  [libjvm.so+0xa76ea5]
V  [libjvm.so+0x6283df]
V  [libjvm.so+0xa5a8e3]
V  [libjvm.so+0x6aa8c1]  JNI_CreateJavaVM+0x61
C  [libjli.so+0x2c64]
C  [libjli.so+0x761d]
C  [libpthread.so.0+0x76db]  start_thread+0xdb


---------------  P R O C E S S  ---------------

Java Threads: ( => current thread )

Other Threads:

=>0x00007fb88800b000 (exited) JavaThread "Unknown thread" [_thread_in_vm, id=7234, stack(0x00007fb88f13c000,0x00007fb88f23c000)]

VM state:not at safepoint (not fully initialized)

VM Mutex/Monitor currently owned by a thread: None

heap address: 0x00000000c0000000, size: 1024 MB, Compressed Oops mode: Non-zero based:0x00000000bffff000
Narrow klass base: 0x0000000000000000, Narrow klass shift: 0

GC Heap History (0 events):
No events

Deoptimization events (0 events):
No events

Classes redefined (0 events):
No events

Internal exceptions (0 events):
No events

Events (0 events):
No events


Dynamic libraries:
eab00000-100000000 rw-p 00000000 00:00 0 
562509f12000-562509f13000 r-xp 00000000 08:01 14811473                   /usr/lib/jvm/java-8-openjdk-amd64/jre/bin/java
56250a112000-56250a113000 r--p 00000000 08:01 14811473                   /usr/lib/jvm/java-8-openjdk-amd64/jre/bin/java
56250a113000-56250a114000 rw-p 00001000 08:01 14811473                   /usr/lib/jvm/java-8-openjdk-amd64/jre/bin/java
56250ad4a000-56250ad6b000 rw-p 00000000 00:00 0                          [heap]
7fb87f5ca000-7fb87f71f000 ---p 00000000 00:00 0 
7fb87f71f000-7fb87f7d5000 rw-p 00000000 00:00 0 
7fb87f7d5000-7fb87f9cb000 ---p 00000000 00:00 0 
7fb87f9cb000-7fb87fc3b000 rwxp 00000000 00:00 0 
7fb87fc3b000-7fb8879cb000 ---p 00000000 00:00 0 
7fb8879cb000-7fb8879d3000 r-xp 00000000 08:01 14811522                   /usr/lib/jvm/java-8-openjdk-amd64/jre/lib/amd64/libzip.so
7fb8879d3000-7fb887bd2000 ---p 00008000 08:01 14811522                   /usr/lib/jvm/java-8-openjdk-amd64/jre/lib/amd64/libzip.so
7fb887bd2000-7fb887bd3000 r--p 00007000 08:01 14811522                   /usr/lib/jvm/java-8-openjdk-amd64/jre/lib/amd64/libzip.so
7fb887bd3000-7fb887bd4000 rw-p 00008000 08:01 14811522                   /usr/lib/jvm/java-8-openjdk-amd64/jre/lib/amd64/libzip.so
7fb887bd4000-7fb887bdf000 r-xp 00000000 08:01 28709662                   /lib/x86_64-linux-gnu/libnss_files-2.27.so
7fb887bdf000-7fb887dde000 ---p 0000b000 08:01 28709662                   /lib/x86_64-linux-gnu/libnss_files-2.27.so
7fb887dde000-7fb887ddf000 r--p 0000a000 08:01 28709662                   /lib/x86_64-linux-gnu/libnss_files-2.27.so
7fb887ddf000-7fb887de0000 rw-p 0000b000 08:01 28709662                   /lib/x86_64-linux-gnu/libnss_files-2.27.so
7fb887de0000-7fb887de6000 rw-p 00000000 00:00 0 
7fb887de6000-7fb887dfd000 r-xp 00000000 08:01 28709656                   /lib/x86_64-linux-gnu/libnsl-2.27.so
7fb887dfd000-7fb887ffc000 ---p 00017000 08:01 28709656                   /lib/x86_64-linux-gnu/libnsl-2.27.so
7fb887ffc000-7fb887ffd000 r--p 00016000 08:01 28709656                   /lib/x86_64-linux-gnu/libnsl-2.27.so
7fb887ffd000-7fb887ffe000 rw-p 00017000 08:01 28709656                   /lib/x86_64-linux-gnu/libnsl-2.27.so
7fb887ffe000-7fb888000000 rw-p 00000000 00:00 0 
7fb888000000-7fb888033000 rw-p 00000000 00:00 0 
7fb888033000-7fb88c000000 ---p 00000000 00:00 0 
7fb88c0c7000-7fb88c0d2000 r-xp 00000000 08:01 28709673                   /lib/x86_64-linux-gnu/libnss_nis-2.27.so
7fb88c0d2000-7fb88c2d1000 ---p 0000b000 08:01 28709673                   /lib/x86_64-linux-gnu/libnss_nis-2.27.so
7fb88c2d1000-7fb88c2d2000 r--p 0000a000 08:01 28709673                   /lib/x86_64-linux-gnu/libnss_nis-2.27.so
7fb88c2d2000-7fb88c2d3000 rw-p 0000b000 08:01 28709673                   /lib/x86_64-linux-gnu/libnss_nis-2.27.so
7fb88c2d3000-7fb88c2db000 r-xp 00000000 08:01 28709658                   /lib/x86_64-linux-gnu/libnss_compat-2.27.so
7fb88c2db000-7fb88c4db000 ---p 00008000 08:01 28709658                   /lib/x86_64-linux-gnu/libnss_compat-2.27.so
7fb88c4db000-7fb88c4dc000 r--p 00008000 08:01 28709658                   /lib/x86_64-linux-gnu/libnss_compat-2.27.so
7fb88c4dc000-7fb88c4dd000 rw-p 00009000 08:01 28709658                   /lib/x86_64-linux-gnu/libnss_compat-2.27.so
7fb88c4dd000-7fb88c509000 r-xp 00000000 08:01 14811503                   /usr/lib/jvm/java-8-openjdk-amd64/jre/lib/amd64/libjava.so
7fb88c509000-7fb88c708000 ---p 0002c000 08:01 14811503                   /usr/lib/jvm/java-8-openjdk-amd64/jre/lib/amd64/libjava.so
7fb88c708000-7fb88c709000 r--p 0002b000 08:01 14811503                   /usr/lib/jvm/java-8-openjdk-amd64/jre/lib/amd64/libjava.so
7fb88c709000-7fb88c70b000 rw-p 0002c000 08:01 14811503                   /usr/lib/jvm/java-8-openjdk-amd64/jre/lib/amd64/libjava.so
7fb88c70b000-7fb88c71b000 r-xp 00000000 08:01 14811521                   /usr/lib/jvm/java-8-openjdk-amd64/jre/lib/amd64/libverify.so
7fb88c71b000-7fb88c91a000 ---p 00010000 08:01 14811521                   /usr/lib/jvm/java-8-openjdk-amd64/jre/lib/amd64/libverify.so
7fb88c91a000-7fb88c91c000 r--p 0000f000 08:01 14811521                   /usr/lib/jvm/java-8-openjdk-amd64/jre/lib/amd64/libverify.so
7fb88c91c000-7fb88c91d000 rw-p 00011000 08:01 14811521                   /usr/lib/jvm/java-8-openjdk-amd64/jre/lib/amd64/libverify.so
7fb88c91d000-7fb88c924000 r-xp 00000000 08:01 28709713                   /lib/x86_64-linux-gnu/librt-2.27.so
7fb88c924000-7fb88cb23000 ---p 00007000 08:01 28709713                   /lib/x86_64-linux-gnu/librt-2.27.so
7fb88cb23000-7fb88cb24000 r--p 00006000 08:01 28709713                   /lib/x86_64-linux-gnu/librt-2.27.so
7fb88cb24000-7fb88cb25000 rw-p 00007000 08:01 28709713                   /lib/x86_64-linux-gnu/librt-2.27.so
7fb88cb25000-7fb88cb3c000 r-xp 00000000 08:01 28704791                   /lib/x86_64-linux-gnu/libgcc_s.so.1
7fb88cb3c000-7fb88cd3b000 ---p 00017000 08:01 28704791                   /lib/x86_64-linux-gnu/libgcc_s.so.1
7fb88cd3b000-7fb88cd3c000 r--p 00016000 08:01 28704791                   /lib/x86_64-linux-gnu/libgcc_s.so.1
7fb88cd3c000-7fb88cd3d000 rw-p 00017000 08:01 28704791                   /lib/x86_64-linux-gnu/libgcc_s.so.1
7fb88cd3d000-7fb88ceda000 r-xp 00000000 08:01 28709635                   /lib/x86_64-linux-gnu/libm-2.27.so
7fb88ceda000-7fb88d0d9000 ---p 0019d000 08:01 28709635                   /lib/x86_64-linux-gnu/libm-2.27.so
7fb88d0d9000-7fb88d0da000 r--p 0019c000 08:01 28709635                   /lib/x86_64-linux-gnu/libm-2.27.so
7fb88d0da000-7fb88d0db000 rw-p 0019d000 08:01 28709635                   /lib/x86_64-linux-gnu/libm-2.27.so
7fb88d0db000-7fb88d254000 r-xp 00000000 08:01 14688072                   /usr/lib/x86_64-linux-gnu/libstdc++.so.6.0.25
7fb88d254000-7fb88d454000 ---p 00179000 08:01 14688072                   /usr/lib/x86_64-linux-gnu/libstdc++.so.6.0.25
7fb88d454000-7fb88d45e000 r--p 00179000 08:01 14688072                   /usr/lib/x86_64-linux-gnu/libstdc++.so.6.0.25
7fb88d45e000-7fb88d460000 rw-p 00183000 08:01 14688072                   /usr/lib/x86_64-linux-gnu/libstdc++.so.6.0.25
7fb88d460000-7fb88d464000 rw-p 00000000 00:00 0 
7fb88d464000-7fb88e101000 r-xp 00000000 08:01 14811525                   /usr/lib/jvm/java-8-openjdk-amd64/jre/lib/amd64/server/libjvm.so
7fb88e101000-7fb88e300000 ---p 00c9d000 08:01 14811525                   /usr/lib/jvm/java-8-openjdk-amd64/jre/lib/amd64/server/libjvm.so
7fb88e300000-7fb88e394000 r--p 00c9c000 08:01 14811525                   /usr/lib/jvm/java-8-openjdk-amd64/jre/lib/amd64/server/libjvm.so
7fb88e394000-7fb88e3bd000 rw-p 00d30000 08:01 14811525                   /usr/lib/jvm/java-8-openjdk-amd64/jre/lib/amd64/server/libjvm.so
7fb88e3bd000-7fb88e3ed000 rw-p 00000000 00:00 0 
7fb88e3ed000-7fb88e407000 r-xp 00000000 08:01 28709705                   /lib/x86_64-linux-gnu/libpthread-2.27.so
7fb88e407000-7fb88e606000 ---p 0001a000 08:01 28709705                   /lib/x86_64-linux-gnu/libpthread-2.27.so
7fb88e606000-7fb88e607000 r--p 00019000 08:01 28709705                   /lib/x86_64-linux-gnu/libpthread-2.27.so
7fb88e607000-7fb88e608000 rw-p 0001a000 08:01 28709705                   /lib/x86_64-linux-gnu/libpthread-2.27.so
7fb88e608000-7fb88e60c000 rw-p 00000000 00:00 0 
7fb88e60c000-7fb88e60f000 r-xp 00000000 08:01 28709595                   /lib/x86_64-linux-gnu/libdl-2.27.so
7fb88e60f000-7fb88e80e000 ---p 00003000 08:01 28709595                   /lib/x86_64-linux-gnu/libdl-2.27.so
7fb88e80e000-7fb88e80f000 r--p 00002000 08:01 28709595                   /lib/x86_64-linux-gnu/libdl-2.27.so
7fb88e80f000-7fb88e810000 rw-p 00003000 08:01 28709595                   /lib/x86_64-linux-gnu/libdl-2.27.so
7fb88e810000-7fb88e82c000 r-xp 00000000 08:01 28709744                   /lib/x86_64-linux-gnu/libz.so.1.2.11
7fb88e82c000-7fb88ea2b000 ---p 0001c000 08:01 28709744                   /lib/x86_64-linux-gnu/libz.so.1.2.11
7fb88ea2b000-7fb88ea2c000 r--p 0001b000 08:01 28709744                   /lib/x86_64-linux-gnu/libz.so.1.2.11
7fb88ea2c000-7fb88ea2d000 rw-p 0001c000 08:01 28709744                   /lib/x86_64-linux-gnu/libz.so.1.2.11
7fb88ea2d000-7fb88ec14000 r-xp 00000000 08:01 28709572                   /lib/x86_64-linux-gnu/libc-2.27.so
7fb88ec14000-7fb88ee14000 ---p 001e7000 08:01 28709572                   /lib/x86_64-linux-gnu/libc-2.27.so
7fb88ee14000-7fb88ee18000 r--p 001e7000 08:01 28709572                   /lib/x86_64-linux-gnu/libc-2.27.so
7fb88ee18000-7fb88ee1a000 rw-p 001eb000 08:01 28709572                   /lib/x86_64-linux-gnu/libc-2.27.so
7fb88ee1a000-7fb88ee1e000 rw-p 00000000 00:00 0 
7fb88ee1e000-7fb88ee2c000 r-xp 00000000 08:01 14811489                   /usr/lib/jvm/java-8-openjdk-amd64/jre/lib/amd64/jli/libjli.so
7fb88ee2c000-7fb88f02b000 ---p 0000e000 08:01 14811489                   /usr/lib/jvm/java-8-openjdk-amd64/jre/lib/amd64/jli/libjli.so
7fb88f02b000-7fb88f02c000 r--p 0000d000 08:01 14811489                   /usr/lib/jvm/java-8-openjdk-amd64/jre/lib/amd64/jli/libjli.so
7fb88f02c000-7fb88f02d000 rw-p 0000e000 08:01 14811489                   /usr/lib/jvm/java-8-openjdk-amd64/jre/lib/amd64/jli/libjli.so
7fb88f02d000-7fb88f054000 r-xp 00000000 08:01 28709544                   /lib/x86_64-linux-gnu/ld-2.27.so
7fb88f13b000-7fb88f13c000 ---p 00000000 00:00 0 
7fb88f13c000-7fb88f13f000 ---p 00000000 00:00 0 
7fb88f13f000-7fb88f23e000 rw-p 00000000 00:00 0 
7fb88f248000-7fb88f250000 rw-s 00000000 08:01 20579319                   /tmp/hsperfdata_ktennyson/7233
7fb88f250000-7fb88f251000 rw-p 00000000 00:00 0 
7fb88f251000-7fb88f252000 r--p 00000000 00:00 0 
7fb88f252000-7fb88f254000 rw-p 00000000 00:00 0 
7fb88f254000-7fb88f255000 r--p 00027000 08:01 28709544                   /lib/x86_64-linux-gnu/ld-2.27.so
7fb88f255000-7fb88f256000 rw-p 00028000 08:01 28709544                   /lib/x86_64-linux-gnu/ld-2.27.so
7fb88f256000-7fb88f257000 rw-p 00000000 00:00 0 
7ffdb5c5d000-7ffdb5c7e000 rw-p 00000000 00:00 0                          [stack]
7ffdb5d9e000-7ffdb5da1000 r--p 00000000 00:00 0                          [vvar]
7ffdb5da1000-7ffdb5da3000 r-xp 00000000 00:00 0                          [vdso]
ffffffffff600000-ffffffffff601000 r-xp 00000000 00:00 0                  [vsyscall]

VM Arguments:
jvm_args: -Xms1024m -Xmx1024m -XX:ReservedCodeCacheSize=128m -XX:MaxMetaspaceSize=256m 
java_command: /usr/share/sbt/bin/sbt-launch.jar run
java_class_path (initial): /usr/share/sbt/bin/sbt-launch.jar
Launcher Type: SUN_STANDARD

Environment Variables:
PATH=/usr/local/sbin:/usr/local/bin:/usr/sbin:/usr/bin:/sbin:/bin:/usr/games:/usr/local/games:/snap/bin
USERNAME=ktennyson
SHELL=/bin/bash
DISPLAY=:0

Signal Handlers:
SIGSEGV: [libjvm.so+0xab5000], sa_mask[0]=11111111011111111101111111111110, sa_flags=SA_RESTART|SA_SIGINFO
SIGBUS: [libjvm.so+0xab5000], sa_mask[0]=11111111011111111101111111111110, sa_flags=SA_RESTART|SA_SIGINFO
SIGFPE: [libjvm.so+0x8ea970], sa_mask[0]=11111111011111111101111111111110, sa_flags=SA_RESTART|SA_SIGINFO
SIGPIPE: [libjvm.so+0x8ea970], sa_mask[0]=11111111011111111101111111111110, sa_flags=SA_RESTART|SA_SIGINFO
SIGXFSZ: [libjvm.so+0x8ea970], sa_mask[0]=11111111011111111101111111111110, sa_flags=SA_RESTART|SA_SIGINFO
SIGILL: [libjvm.so+0x8ea970], sa_mask[0]=11111111011111111101111111111110, sa_flags=SA_RESTART|SA_SIGINFO
SIGUSR1: SIG_DFL, sa_mask[0]=00000000000000000000000000000000, sa_flags=none
SIGUSR2: [libjvm.so+0x8ea820], sa_mask[0]=00000000000000000000000000000000, sa_flags=SA_RESTART|SA_SIGINFO
SIGHUP: SIG_DFL, sa_mask[0]=00000000000000000000000000000000, sa_flags=none
SIGINT: SIG_DFL, sa_mask[0]=00000000000000000000000000000000, sa_flags=none
SIGTERM: SIG_DFL, sa_mask[0]=00000000000000000000000000000000, sa_flags=none
SIGQUIT: SIG_DFL, sa_mask[0]=00000000000000000000000000000000, sa_flags=none


---------------  S Y S T E M  ---------------

OS:DISTRIB_ID=Ubuntu
DISTRIB_RELEASE=18.04
DISTRIB_CODENAME=bionic
DISTRIB_DESCRIPTION="Ubuntu 18.04.2 LTS"

uname:Linux 4.18.0-25-generic #26~18.04.1-Ubuntu SMP Thu Jun 27 07:28:31 UTC 2019 x86_64
libc:glibc 2.27 NPTL 2.27 
rlimit: STACK 8192k, CORE 0k, NPROC 15181, NOFILE 4096, AS infinity
load average:1.00 2.00 2.25

/proc/meminfo:
MemTotal:        3931772 kB
MemFree:          118204 kB
MemAvailable:     272884 kB
Buffers:           24500 kB
Cached:           578388 kB
SwapCached:        11080 kB
Active:          2694360 kB
Inactive:         777152 kB
Active(anon):    2497612 kB
Inactive(anon):   646264 kB
Active(file):     196748 kB
Inactive(file):   130888 kB
Unevictable:          48 kB
Mlocked:              48 kB
SwapTotal:       2097148 kB
SwapFree:           1500 kB
Dirty:              1172 kB
Writeback:             0 kB
AnonPages:       2858460 kB
Mapped:           342716 kB
Shmem:            275068 kB
Slab:             181088 kB
SReclaimable:      61084 kB
SUnreclaim:       120004 kB
KernelStack:       17504 kB
PageTables:        75148 kB
NFS_Unstable:          0 kB
Bounce:                0 kB
WritebackTmp:          0 kB
CommitLimit:     4063032 kB
Committed_AS:   15240688 kB
VmallocTotal:   34359738367 kB
VmallocUsed:           0 kB
VmallocChunk:          0 kB
HardwareCorrupted:     0 kB
AnonHugePages:         0 kB
ShmemHugePages:        0 kB
ShmemPmdMapped:        0 kB
CmaTotal:              0 kB
CmaFree:               0 kB
HugePages_Total:       0
HugePages_Free:        0
HugePages_Rsvd:        0
HugePages_Surp:        0
Hugepagesize:       2048 kB
Hugetlb:               0 kB
DirectMap4k:      288208 kB
DirectMap2M:     3801088 kB

container (cgroup) information:
container_type: cgroupv1
cpu_cpuset_cpus: 0-3
cpu_memory_nodes: 0
active_processor_count: 4
cpu_quota: -1
cpu_period: 100000
cpu_shares: -1
memory_limit_in_bytes: -1
memory_and_swap_limit_in_bytes: -2
memory_soft_limit_in_bytes: -1
memory_usage_in_bytes: 3606900736
memory_max_usage_in_bytes: 3661606912


CPU:total 4 (initial active 4) (2 cores per cpu, 2 threads per core) family 6 model 42 stepping 7, cmov, cx8, fxsr, mmx, sse, sse2, sse3, ssse3, sse4.1, sse4.2, popcnt, avx, aes, clmul, ht, tsc, tscinvbit

/proc/cpuinfo:
processor	: 0
vendor_id	: GenuineIntel
cpu family	: 6
model		: 42
model name	: Intel(R) Core(TM) i5-2430M CPU @ 2.40GHz
stepping	: 7
microcode	: 0x2f
cpu MHz		: 2148.391
cache size	: 3072 KB
physical id	: 0
siblings	: 4
core id		: 0
cpu cores	: 2
apicid		: 0
initial apicid	: 0
fpu		: yes
fpu_exception	: yes
cpuid level	: 13
wp		: yes
flags		: fpu vme de pse tsc msr pae mce cx8 apic sep mtrr pge mca cmov pat pse36 clflush dts acpi mmx fxsr sse sse2 ss ht tm pbe syscall nx rdtscp lm constant_tsc arch_perfmon pebs bts rep_good nopl xtopology nonstop_tsc cpuid aperfmperf pni pclmulqdq dtes64 monitor ds_cpl vmx est tm2 ssse3 cx16 xtpr pdcm pcid sse4_1 sse4_2 x2apic popcnt tsc_deadline_timer aes xsave avx lahf_lm epb pti ssbd ibrs ibpb stibp tpr_shadow vnmi flexpriority ept vpid xsaveopt dtherm ida arat pln pts md_clear flush_l1d
bugs		: cpu_meltdown spectre_v1 spectre_v2 spec_store_bypass l1tf mds
bogomips	: 4789.59
clflush size	: 64
cache_alignment	: 64
address sizes	: 36 bits physical, 48 bits virtual
power management:

processor	: 1
vendor_id	: GenuineIntel
cpu family	: 6
model		: 42
model name	: Intel(R) Core(TM) i5-2430M CPU @ 2.40GHz
stepping	: 7
microcode	: 0x2f
cpu MHz		: 2182.762
cache size	: 3072 KB
physical id	: 0
siblings	: 4
core id		: 1
cpu cores	: 2
apicid		: 2
initial apicid	: 2
fpu		: yes
fpu_exception	: yes
cpuid level	: 13
wp		: yes
flags		: fpu vme de pse tsc msr pae mce cx8 apic sep mtrr pge mca cmov pat pse36 clflush dts acpi mmx fxsr sse sse2 ss ht tm pbe syscall nx rdtscp lm constant_tsc arch_perfmon pebs bts rep_good nopl xtopology nonstop_tsc cpuid aperfmperf pni pclmulqdq dtes64 monitor ds_cpl vmx est tm2 ssse3 cx16 xtpr pdcm pcid sse4_1 sse4_2 x2apic popcnt tsc_deadline_timer aes xsave avx lahf_lm epb pti ssbd ibrs ibpb stibp tpr_shadow vnmi flexpriority ept vpid xsaveopt dtherm ida arat pln pts md_clear flush_l1d
bugs		: cpu_meltdown spectre_v1 spectre_v2 spec_store_bypass l1tf mds
bogomips	: 4789.59
clflush size	: 64
cache_alignment	: 64
address sizes	: 36 bits physical, 48 bits virtual
power management:

processor	: 2
vendor_id	: GenuineIntel
cpu family	: 6
model		: 42
model name	: Intel(R) Core(TM) i5-2430M CPU @ 2.40GHz
stepping	: 7
microcode	: 0x2f
cpu MHz		: 2075.314
cache size	: 3072 KB
physical id	: 0
siblings	: 4
core id		: 0
cpu cores	: 2
apicid		: 1
initial apicid	: 1
fpu		: yes
fpu_exception	: yes
cpuid level	: 13
wp		: yes
flags		: fpu vme de pse tsc msr pae mce cx8 apic sep mtrr pge mca cmov pat pse36 clflush dts acpi mmx fxsr sse sse2 ss ht tm pbe syscall nx rdtscp lm constant_tsc arch_perfmon pebs bts rep_good nopl xtopology nonstop_tsc cpuid aperfmperf pni pclmulqdq dtes64 monitor ds_cpl vmx est tm2 ssse3 cx16 xtpr pdcm pcid sse4_1 sse4_2 x2apic popcnt tsc_deadline_timer aes xsave avx lahf_lm epb pti ssbd ibrs ibpb stibp tpr_shadow vnmi flexpriority ept vpid xsaveopt dtherm ida arat pln pts md_clear flush_l1d
bugs		: cpu_meltdown spectre_v1 spectre_v2 spec_store_bypass l1tf mds
bogomips	: 4789.59
clflush size	: 64
cache_alignment	: 64
address sizes	: 36 bits physical, 48 bits virtual
power management:

processor	: 3
vendor_id	: GenuineIntel
cpu family	: 6
model		: 42
model name	: Intel(R) Core(TM) i5-2430M CPU @ 2.40GHz
stepping	: 7
microcode	: 0x2f
cpu MHz		: 2079.212
cache size	: 3072 KB
physical id	: 0
siblings	: 4
core id		: 1
cpu cores	: 2
apicid		: 3
initial apicid	: 3
fpu		: yes
fpu_exception	: yes
cpuid level	: 13
wp		: yes
flags		: fpu vme de pse tsc msr pae mce cx8 apic sep mtrr pge mca cmov pat pse36 clflush dts acpi mmx fxsr sse sse2 ss ht tm pbe syscall nx rdtscp lm constant_tsc arch_perfmon pebs bts rep_good nopl xtopology nonstop_tsc cpuid aperfmperf pni pclmulqdq dtes64 monitor ds_cpl vmx est tm2 ssse3 cx16 xtpr pdcm pcid sse4_1 sse4_2 x2apic popcnt tsc_deadline_timer aes xsave avx lahf_lm epb pti ssbd ibrs ibpb stibp tpr_shadow vnmi flexpriority ept vpid xsaveopt dtherm ida arat pln pts md_clear flush_l1d
bugs		: cpu_meltdown spectre_v1 spectre_v2 spec_store_bypass l1tf mds
bogomips	: 4789.59
clflush size	: 64
cache_alignment	: 64
address sizes	: 36 bits physical, 48 bits virtual
power management:



Memory: 4k page, physical 3931772k(118204k free), swap 2097148k(1500k free)

vm_info: OpenJDK 64-Bit Server VM (25.212-b03) for linux-amd64 JRE (1.8.0_212-8u212-b03-0ubuntu1.18.04.1-b03), built on Apr 26 2019 01:04:36 by "buildd" with gcc 7.3.0

time: Wed Jul 24 12:53:51 2019
timezone: IST
elapsed time: 0 seconds (0d 0h 0m 0s)

