#
# There is insufficient memory for the Java Runtime Environment to continue.
# Native memory allocation (mmap) failed to map 357564416 bytes for committing reserved memory.
# Possible reasons:
#   The system is out of physical RAM or swap space
#   The process is running with CompressedOops enabled, and the Java Heap may be blocking the growth of the native heap
# Possible solutions:
#   Reduce memory load on the system
#   Increase physical memory or swap space
#   Check if swap backing store is full
#   Decrease Java heap size (-Xmx/-Xms)
#   Decrease number of Java threads
#   Decrease Java thread stack sizes (-Xss)
#   Set larger code cache with -XX:ReservedCodeCacheSize=
# This output file may be truncated or incomplete.
#
#  Out of Memory Error (os_linux.cpp:2756), pid=7446, tid=0x00007fec0fb67700
#
# JRE version:  (8.0_212-b03) (build )
# Java VM: OpenJDK 64-Bit Server VM (25.212-b03 mixed mode linux-amd64 compressed oops)
# Failed to write core dump. Core dumps have been disabled. To enable core dumping, try "ulimit -c unlimited" before starting Java again
#

---------------  T H R E A D  ---------------

Current thread (0x00007fec0800b000):  JavaThread "Unknown thread" [_thread_in_vm, id=7447, stack(0x00007fec0fa68000,0x00007fec0fb68000)]

Stack: [0x00007fec0fa68000,0x00007fec0fb68000],  sp=0x00007fec0fb665e0,  free space=1017k
Native frames: (J=compiled Java code, j=interpreted, Vv=VM code, C=native code)
V  [libjvm.so+0xab46a2]
V  [libjvm.so+0x4db6b7]
V  [libjvm.so+0x8ef7b0]
V  [libjvm.so+0x8e68ce]
V  [libjvm.so+0x96a406]
V  [libjvm.so+0x96c456]
V  [libjvm.so+0x2b4154]
V  [libjvm.so+0x917371]
V  [libjvm.so+0xa76baa]
V  [libjvm.so+0xa76ea5]
V  [libjvm.so+0x6283df]
V  [libjvm.so+0xa5a8e3]
V  [libjvm.so+0x6aa8c1]  JNI_CreateJavaVM+0x61
C  [libjli.so+0x2c64]
C  [libjli.so+0x761d]
C  [libpthread.so.0+0x76db]  start_thread+0xdb


---------------  P R O C E S S  ---------------

Java Threads: ( => current thread )

Other Threads:

=>0x00007fec0800b000 (exited) JavaThread "Unknown thread" [_thread_in_vm, id=7447, stack(0x00007fec0fa68000,0x00007fec0fb68000)]

VM state:not at safepoint (not fully initialized)

VM Mutex/Monitor currently owned by a thread: None

heap address: 0x00000000c0000000, size: 1024 MB, Compressed Oops mode: Non-zero based:0x00000000bffff000
Narrow klass base: 0x0000000000000000, Narrow klass shift: 0

GC Heap History (0 events):
No events

Deoptimization events (0 events):
No events

Classes redefined (0 events):
No events

Internal exceptions (0 events):
No events

Events (0 events):
No events


Dynamic libraries:
c0000000-eab00000 ---p 00000000 00:00 0 
55bbc0692000-55bbc0693000 r-xp 00000000 08:01 14811473                   /usr/lib/jvm/java-8-openjdk-amd64/jre/bin/java
55bbc0892000-55bbc0893000 r--p 00000000 08:01 14811473                   /usr/lib/jvm/java-8-openjdk-amd64/jre/bin/java
55bbc0893000-55bbc0894000 rw-p 00001000 08:01 14811473                   /usr/lib/jvm/java-8-openjdk-amd64/jre/bin/java
55bbc1793000-55bbc17b4000 rw-p 00000000 00:00 0                          [heap]
7febffdff000-7febfffff000 ---p 00000000 00:00 0 
7febfffff000-7fec00000000 rw-p 00000000 00:00 0 
7fec00000000-7fec00270000 rwxp 00000000 00:00 0 
7fec00270000-7fec08000000 ---p 00000000 00:00 0 
7fec08000000-7fec08032000 rw-p 00000000 00:00 0 
7fec08032000-7fec0c000000 ---p 00000000 00:00 0 
7fec0c1be000-7fec0c1c8000 rw-p 00000000 00:00 0 
7fec0c1c8000-7fec0c3be000 ---p 00000000 00:00 0 
7fec0c3be000-7fec0c3c6000 r-xp 00000000 08:01 14811522                   /usr/lib/jvm/java-8-openjdk-amd64/jre/lib/amd64/libzip.so
7fec0c3c6000-7fec0c5c5000 ---p 00008000 08:01 14811522                   /usr/lib/jvm/java-8-openjdk-amd64/jre/lib/amd64/libzip.so
7fec0c5c5000-7fec0c5c6000 r--p 00007000 08:01 14811522                   /usr/lib/jvm/java-8-openjdk-amd64/jre/lib/amd64/libzip.so
7fec0c5c6000-7fec0c5c7000 rw-p 00008000 08:01 14811522                   /usr/lib/jvm/java-8-openjdk-amd64/jre/lib/amd64/libzip.so
7fec0c5c7000-7fec0c5d2000 r-xp 00000000 08:01 28709662                   /lib/x86_64-linux-gnu/libnss_files-2.27.so
7fec0c5d2000-7fec0c7d1000 ---p 0000b000 08:01 28709662                   /lib/x86_64-linux-gnu/libnss_files-2.27.so
7fec0c7d1000-7fec0c7d2000 r--p 0000a000 08:01 28709662                   /lib/x86_64-linux-gnu/libnss_files-2.27.so
7fec0c7d2000-7fec0c7d3000 rw-p 0000b000 08:01 28709662                   /lib/x86_64-linux-gnu/libnss_files-2.27.so
7fec0c7d3000-7fec0c7d9000 rw-p 00000000 00:00 0 
7fec0c7d9000-7fec0c7f0000 r-xp 00000000 08:01 28709656                   /lib/x86_64-linux-gnu/libnsl-2.27.so
7fec0c7f0000-7fec0c9ef000 ---p 00017000 08:01 28709656                   /lib/x86_64-linux-gnu/libnsl-2.27.so
7fec0c9ef000-7fec0c9f0000 r--p 00016000 08:01 28709656                   /lib/x86_64-linux-gnu/libnsl-2.27.so
7fec0c9f0000-7fec0c9f1000 rw-p 00017000 08:01 28709656                   /lib/x86_64-linux-gnu/libnsl-2.27.so
7fec0c9f1000-7fec0c9f3000 rw-p 00000000 00:00 0 
7fec0c9f3000-7fec0c9fe000 r-xp 00000000 08:01 28709673                   /lib/x86_64-linux-gnu/libnss_nis-2.27.so
7fec0c9fe000-7fec0cbfd000 ---p 0000b000 08:01 28709673                   /lib/x86_64-linux-gnu/libnss_nis-2.27.so
7fec0cbfd000-7fec0cbfe000 r--p 0000a000 08:01 28709673                   /lib/x86_64-linux-gnu/libnss_nis-2.27.so
7fec0cbfe000-7fec0cbff000 rw-p 0000b000 08:01 28709673                   /lib/x86_64-linux-gnu/libnss_nis-2.27.so
7fec0cbff000-7fec0cc07000 r-xp 00000000 08:01 28709658                   /lib/x86_64-linux-gnu/libnss_compat-2.27.so
7fec0cc07000-7fec0ce07000 ---p 00008000 08:01 28709658                   /lib/x86_64-linux-gnu/libnss_compat-2.27.so
7fec0ce07000-7fec0ce08000 r--p 00008000 08:01 28709658                   /lib/x86_64-linux-gnu/libnss_compat-2.27.so
7fec0ce08000-7fec0ce09000 rw-p 00009000 08:01 28709658                   /lib/x86_64-linux-gnu/libnss_compat-2.27.so
7fec0ce09000-7fec0ce35000 r-xp 00000000 08:01 14811503                   /usr/lib/jvm/java-8-openjdk-amd64/jre/lib/amd64/libjava.so
7fec0ce35000-7fec0d034000 ---p 0002c000 08:01 14811503                   /usr/lib/jvm/java-8-openjdk-amd64/jre/lib/amd64/libjava.so
7fec0d034000-7fec0d035000 r--p 0002b000 08:01 14811503                   /usr/lib/jvm/java-8-openjdk-amd64/jre/lib/amd64/libjava.so
7fec0d035000-7fec0d037000 rw-p 0002c000 08:01 14811503                   /usr/lib/jvm/java-8-openjdk-amd64/jre/lib/amd64/libjava.so
7fec0d037000-7fec0d047000 r-xp 00000000 08:01 14811521                   /usr/lib/jvm/java-8-openjdk-amd64/jre/lib/amd64/libverify.so
7fec0d047000-7fec0d246000 ---p 00010000 08:01 14811521                   /usr/lib/jvm/java-8-openjdk-amd64/jre/lib/amd64/libverify.so
7fec0d246000-7fec0d248000 r--p 0000f000 08:01 14811521                   /usr/lib/jvm/java-8-openjdk-amd64/jre/lib/amd64/libverify.so
7fec0d248000-7fec0d249000 rw-p 00011000 08:01 14811521                   /usr/lib/jvm/java-8-openjdk-amd64/jre/lib/amd64/libverify.so
7fec0d249000-7fec0d250000 r-xp 00000000 08:01 28709713                   /lib/x86_64-linux-gnu/librt-2.27.so
7fec0d250000-7fec0d44f000 ---p 00007000 08:01 28709713                   /lib/x86_64-linux-gnu/librt-2.27.so
7fec0d44f000-7fec0d450000 r--p 00006000 08:01 28709713                   /lib/x86_64-linux-gnu/librt-2.27.so
7fec0d450000-7fec0d451000 rw-p 00007000 08:01 28709713                   /lib/x86_64-linux-gnu/librt-2.27.so
7fec0d451000-7fec0d468000 r-xp 00000000 08:01 28704791                   /lib/x86_64-linux-gnu/libgcc_s.so.1
7fec0d468000-7fec0d667000 ---p 00017000 08:01 28704791                   /lib/x86_64-linux-gnu/libgcc_s.so.1
7fec0d667000-7fec0d668000 r--p 00016000 08:01 28704791                   /lib/x86_64-linux-gnu/libgcc_s.so.1
7fec0d668000-7fec0d669000 rw-p 00017000 08:01 28704791                   /lib/x86_64-linux-gnu/libgcc_s.so.1
7fec0d669000-7fec0d806000 r-xp 00000000 08:01 28709635                   /lib/x86_64-linux-gnu/libm-2.27.so
7fec0d806000-7fec0da05000 ---p 0019d000 08:01 28709635                   /lib/x86_64-linux-gnu/libm-2.27.so
7fec0da05000-7fec0da06000 r--p 0019c000 08:01 28709635                   /lib/x86_64-linux-gnu/libm-2.27.so
7fec0da06000-7fec0da07000 rw-p 0019d000 08:01 28709635                   /lib/x86_64-linux-gnu/libm-2.27.so
7fec0da07000-7fec0db80000 r-xp 00000000 08:01 14688072                   /usr/lib/x86_64-linux-gnu/libstdc++.so.6.0.25
7fec0db80000-7fec0dd80000 ---p 00179000 08:01 14688072                   /usr/lib/x86_64-linux-gnu/libstdc++.so.6.0.25
7fec0dd80000-7fec0dd8a000 r--p 00179000 08:01 14688072                   /usr/lib/x86_64-linux-gnu/libstdc++.so.6.0.25
7fec0dd8a000-7fec0dd8c000 rw-p 00183000 08:01 14688072                   /usr/lib/x86_64-linux-gnu/libstdc++.so.6.0.25
7fec0dd8c000-7fec0dd90000 rw-p 00000000 00:00 0 
7fec0dd90000-7fec0ea2d000 r-xp 00000000 08:01 14811525                   /usr/lib/jvm/java-8-openjdk-amd64/jre/lib/amd64/server/libjvm.so
7fec0ea2d000-7fec0ec2c000 ---p 00c9d000 08:01 14811525                   /usr/lib/jvm/java-8-openjdk-amd64/jre/lib/amd64/server/libjvm.so
7fec0ec2c000-7fec0ecc0000 r--p 00c9c000 08:01 14811525                   /usr/lib/jvm/java-8-openjdk-amd64/jre/lib/amd64/server/libjvm.so
7fec0ecc0000-7fec0ece9000 rw-p 00d30000 08:01 14811525                   /usr/lib/jvm/java-8-openjdk-amd64/jre/lib/amd64/server/libjvm.so
7fec0ece9000-7fec0ed19000 rw-p 00000000 00:00 0 
7fec0ed19000-7fec0ed33000 r-xp 00000000 08:01 28709705                   /lib/x86_64-linux-gnu/libpthread-2.27.so
7fec0ed33000-7fec0ef32000 ---p 0001a000 08:01 28709705                   /lib/x86_64-linux-gnu/libpthread-2.27.so
7fec0ef32000-7fec0ef33000 r--p 00019000 08:01 28709705                   /lib/x86_64-linux-gnu/libpthread-2.27.so
7fec0ef33000-7fec0ef34000 rw-p 0001a000 08:01 28709705                   /lib/x86_64-linux-gnu/libpthread-2.27.so
7fec0ef34000-7fec0ef38000 rw-p 00000000 00:00 0 
7fec0ef38000-7fec0ef3b000 r-xp 00000000 08:01 28709595                   /lib/x86_64-linux-gnu/libdl-2.27.so
7fec0ef3b000-7fec0f13a000 ---p 00003000 08:01 28709595                   /lib/x86_64-linux-gnu/libdl-2.27.so
7fec0f13a000-7fec0f13b000 r--p 00002000 08:01 28709595                   /lib/x86_64-linux-gnu/libdl-2.27.so
7fec0f13b000-7fec0f13c000 rw-p 00003000 08:01 28709595                   /lib/x86_64-linux-gnu/libdl-2.27.so
7fec0f13c000-7fec0f158000 r-xp 00000000 08:01 28709744                   /lib/x86_64-linux-gnu/libz.so.1.2.11
7fec0f158000-7fec0f357000 ---p 0001c000 08:01 28709744                   /lib/x86_64-linux-gnu/libz.so.1.2.11
7fec0f357000-7fec0f358000 r--p 0001b000 08:01 28709744                   /lib/x86_64-linux-gnu/libz.so.1.2.11
7fec0f358000-7fec0f359000 rw-p 0001c000 08:01 28709744                   /lib/x86_64-linux-gnu/libz.so.1.2.11
7fec0f359000-7fec0f540000 r-xp 00000000 08:01 28709572                   /lib/x86_64-linux-gnu/libc-2.27.so
7fec0f540000-7fec0f740000 ---p 001e7000 08:01 28709572                   /lib/x86_64-linux-gnu/libc-2.27.so
7fec0f740000-7fec0f744000 r--p 001e7000 08:01 28709572                   /lib/x86_64-linux-gnu/libc-2.27.so
7fec0f744000-7fec0f746000 rw-p 001eb000 08:01 28709572                   /lib/x86_64-linux-gnu/libc-2.27.so
7fec0f746000-7fec0f74a000 rw-p 00000000 00:00 0 
7fec0f74a000-7fec0f758000 r-xp 00000000 08:01 14811489                   /usr/lib/jvm/java-8-openjdk-amd64/jre/lib/amd64/jli/libjli.so
7fec0f758000-7fec0f957000 ---p 0000e000 08:01 14811489                   /usr/lib/jvm/java-8-openjdk-amd64/jre/lib/amd64/jli/libjli.so
7fec0f957000-7fec0f958000 r--p 0000d000 08:01 14811489                   /usr/lib/jvm/java-8-openjdk-amd64/jre/lib/amd64/jli/libjli.so
7fec0f958000-7fec0f959000 rw-p 0000e000 08:01 14811489                   /usr/lib/jvm/java-8-openjdk-amd64/jre/lib/amd64/jli/libjli.so
7fec0f959000-7fec0f980000 r-xp 00000000 08:01 28709544                   /lib/x86_64-linux-gnu/ld-2.27.so
7fec0fa67000-7fec0fa68000 ---p 00000000 00:00 0 
7fec0fa68000-7fec0fa6b000 ---p 00000000 00:00 0 
7fec0fa6b000-7fec0fb6a000 rw-p 00000000 00:00 0 
7fec0fb74000-7fec0fb7c000 rw-s 00000000 08:01 20579319                   /tmp/hsperfdata_ktennyson/7446
7fec0fb7c000-7fec0fb7d000 rw-p 00000000 00:00 0 
7fec0fb7d000-7fec0fb7e000 r--p 00000000 00:00 0 
7fec0fb7e000-7fec0fb80000 rw-p 00000000 00:00 0 
7fec0fb80000-7fec0fb81000 r--p 00027000 08:01 28709544                   /lib/x86_64-linux-gnu/ld-2.27.so
7fec0fb81000-7fec0fb82000 rw-p 00028000 08:01 28709544                   /lib/x86_64-linux-gnu/ld-2.27.so
7fec0fb82000-7fec0fb83000 rw-p 00000000 00:00 0 
7fff118c7000-7fff118e8000 rw-p 00000000 00:00 0                          [stack]
7fff11979000-7fff1197c000 r--p 00000000 00:00 0                          [vvar]
7fff1197c000-7fff1197e000 r-xp 00000000 00:00 0                          [vdso]
ffffffffff600000-ffffffffff601000 r-xp 00000000 00:00 0                  [vsyscall]

VM Arguments:
jvm_args: -Xms1024m -Xmx1024m -XX:ReservedCodeCacheSize=128m -XX:MaxMetaspaceSize=256m 
java_command: /usr/share/sbt/bin/sbt-launch.jar run
java_class_path (initial): /usr/share/sbt/bin/sbt-launch.jar
Launcher Type: SUN_STANDARD

Environment Variables:
PATH=/usr/local/sbin:/usr/local/bin:/usr/sbin:/usr/bin:/sbin:/bin:/usr/games:/usr/local/games:/snap/bin
USERNAME=ktennyson
SHELL=/bin/bash
DISPLAY=:0

Signal Handlers:
SIGSEGV: [libjvm.so+0xab5000], sa_mask[0]=11111111011111111101111111111110, sa_flags=SA_RESTART|SA_SIGINFO
SIGBUS: [libjvm.so+0xab5000], sa_mask[0]=11111111011111111101111111111110, sa_flags=SA_RESTART|SA_SIGINFO
SIGFPE: [libjvm.so+0x8ea970], sa_mask[0]=11111111011111111101111111111110, sa_flags=SA_RESTART|SA_SIGINFO
SIGPIPE: [libjvm.so+0x8ea970], sa_mask[0]=11111111011111111101111111111110, sa_flags=SA_RESTART|SA_SIGINFO
SIGXFSZ: [libjvm.so+0x8ea970], sa_mask[0]=11111111011111111101111111111110, sa_flags=SA_RESTART|SA_SIGINFO
SIGILL: [libjvm.so+0x8ea970], sa_mask[0]=11111111011111111101111111111110, sa_flags=SA_RESTART|SA_SIGINFO
SIGUSR1: SIG_DFL, sa_mask[0]=00000000000000000000000000000000, sa_flags=none
SIGUSR2: [libjvm.so+0x8ea820], sa_mask[0]=00000000000000000000000000000000, sa_flags=SA_RESTART|SA_SIGINFO
SIGHUP: SIG_DFL, sa_mask[0]=00000000000000000000000000000000, sa_flags=none
SIGINT: SIG_DFL, sa_mask[0]=00000000000000000000000000000000, sa_flags=none
SIGTERM: SIG_DFL, sa_mask[0]=00000000000000000000000000000000, sa_flags=none
SIGQUIT: SIG_DFL, sa_mask[0]=00000000000000000000000000000000, sa_flags=none


---------------  S Y S T E M  ---------------

OS:DISTRIB_ID=Ubuntu
DISTRIB_RELEASE=18.04
DISTRIB_CODENAME=bionic
DISTRIB_DESCRIPTION="Ubuntu 18.04.2 LTS"

uname:Linux 4.18.0-25-generic #26~18.04.1-Ubuntu SMP Thu Jun 27 07:28:31 UTC 2019 x86_64
libc:glibc 2.27 NPTL 2.27 
rlimit: STACK 8192k, CORE 0k, NPROC 15181, NOFILE 4096, AS infinity
load average:1.54 1.79 2.12

/proc/meminfo:
MemTotal:        3931772 kB
MemFree:          124080 kB
MemAvailable:     190948 kB
Buffers:           17048 kB
Cached:           527104 kB
SwapCached:        15988 kB
Active:          2681404 kB
Inactive:         781668 kB
Active(anon):    2560348 kB
Inactive(anon):   662512 kB
Active(file):     121056 kB
Inactive(file):   119156 kB
Unevictable:          48 kB
Mlocked:              48 kB
SwapTotal:       2097148 kB
SwapFree:              0 kB
Dirty:               224 kB
Writeback:             0 kB
AnonPages:       2903872 kB
Mapped:           296776 kB
Shmem:            306720 kB
Slab:             180960 kB
SReclaimable:      60308 kB
SUnreclaim:       120652 kB
KernelStack:       17668 kB
PageTables:        77016 kB
NFS_Unstable:          0 kB
Bounce:                0 kB
WritebackTmp:          0 kB
CommitLimit:     4063032 kB
Committed_AS:   15139832 kB
VmallocTotal:   34359738367 kB
VmallocUsed:           0 kB
VmallocChunk:          0 kB
HardwareCorrupted:     0 kB
AnonHugePages:         0 kB
ShmemHugePages:        0 kB
ShmemPmdMapped:        0 kB
CmaTotal:              0 kB
CmaFree:               0 kB
HugePages_Total:       0
HugePages_Free:        0
HugePages_Rsvd:        0
HugePages_Surp:        0
Hugepagesize:       2048 kB
Hugetlb:               0 kB
DirectMap4k:      288208 kB
DirectMap2M:     3801088 kB

container (cgroup) information:
container_type: cgroupv1
cpu_cpuset_cpus: 0-3
cpu_memory_nodes: 0
active_processor_count: 4
cpu_quota: -1
cpu_period: 100000
cpu_shares: -1
memory_limit_in_bytes: -1
memory_and_swap_limit_in_bytes: -2
memory_soft_limit_in_bytes: -1
memory_usage_in_bytes: 3603415040
memory_max_usage_in_bytes: 3661606912


CPU:total 4 (initial active 4) (2 cores per cpu, 2 threads per core) family 6 model 42 stepping 7, cmov, cx8, fxsr, mmx, sse, sse2, sse3, ssse3, sse4.1, sse4.2, popcnt, avx, aes, clmul, ht, tsc, tscinvbit

/proc/cpuinfo:
processor	: 0
vendor_id	: GenuineIntel
cpu family	: 6
model		: 42
model name	: Intel(R) Core(TM) i5-2430M CPU @ 2.40GHz
stepping	: 7
microcode	: 0x2f
cpu MHz		: 1058.877
cache size	: 3072 KB
physical id	: 0
siblings	: 4
core id		: 0
cpu cores	: 2
apicid		: 0
initial apicid	: 0
fpu		: yes
fpu_exception	: yes
cpuid level	: 13
wp		: yes
flags		: fpu vme de pse tsc msr pae mce cx8 apic sep mtrr pge mca cmov pat pse36 clflush dts acpi mmx fxsr sse sse2 ss ht tm pbe syscall nx rdtscp lm constant_tsc arch_perfmon pebs bts rep_good nopl xtopology nonstop_tsc cpuid aperfmperf pni pclmulqdq dtes64 monitor ds_cpl vmx est tm2 ssse3 cx16 xtpr pdcm pcid sse4_1 sse4_2 x2apic popcnt tsc_deadline_timer aes xsave avx lahf_lm epb pti ssbd ibrs ibpb stibp tpr_shadow vnmi flexpriority ept vpid xsaveopt dtherm ida arat pln pts md_clear flush_l1d
bugs		: cpu_meltdown spectre_v1 spectre_v2 spec_store_bypass l1tf mds
bogomips	: 4789.59
clflush size	: 64
cache_alignment	: 64
address sizes	: 36 bits physical, 48 bits virtual
power management:

processor	: 1
vendor_id	: GenuineIntel
cpu family	: 6
model		: 42
model name	: Intel(R) Core(TM) i5-2430M CPU @ 2.40GHz
stepping	: 7
microcode	: 0x2f
cpu MHz		: 939.489
cache size	: 3072 KB
physical id	: 0
siblings	: 4
core id		: 1
cpu cores	: 2
apicid		: 2
initial apicid	: 2
fpu		: yes
fpu_exception	: yes
cpuid level	: 13
wp		: yes
flags		: fpu vme de pse tsc msr pae mce cx8 apic sep mtrr pge mca cmov pat pse36 clflush dts acpi mmx fxsr sse sse2 ss ht tm pbe syscall nx rdtscp lm constant_tsc arch_perfmon pebs bts rep_good nopl xtopology nonstop_tsc cpuid aperfmperf pni pclmulqdq dtes64 monitor ds_cpl vmx est tm2 ssse3 cx16 xtpr pdcm pcid sse4_1 sse4_2 x2apic popcnt tsc_deadline_timer aes xsave avx lahf_lm epb pti ssbd ibrs ibpb stibp tpr_shadow vnmi flexpriority ept vpid xsaveopt dtherm ida arat pln pts md_clear flush_l1d
bugs		: cpu_meltdown spectre_v1 spectre_v2 spec_store_bypass l1tf mds
bogomips	: 4789.59
clflush size	: 64
cache_alignment	: 64
address sizes	: 36 bits physical, 48 bits virtual
power management:

processor	: 2
vendor_id	: GenuineIntel
cpu family	: 6
model		: 42
model name	: Intel(R) Core(TM) i5-2430M CPU @ 2.40GHz
stepping	: 7
microcode	: 0x2f
cpu MHz		: 929.803
cache size	: 3072 KB
physical id	: 0
siblings	: 4
core id		: 0
cpu cores	: 2
apicid		: 1
initial apicid	: 1
fpu		: yes
fpu_exception	: yes
cpuid level	: 13
wp		: yes
flags		: fpu vme de pse tsc msr pae mce cx8 apic sep mtrr pge mca cmov pat pse36 clflush dts acpi mmx fxsr sse sse2 ss ht tm pbe syscall nx rdtscp lm constant_tsc arch_perfmon pebs bts rep_good nopl xtopology nonstop_tsc cpuid aperfmperf pni pclmulqdq dtes64 monitor ds_cpl vmx est tm2 ssse3 cx16 xtpr pdcm pcid sse4_1 sse4_2 x2apic popcnt tsc_deadline_timer aes xsave avx lahf_lm epb pti ssbd ibrs ibpb stibp tpr_shadow vnmi flexpriority ept vpid xsaveopt dtherm ida arat pln pts md_clear flush_l1d
bugs		: cpu_meltdown spectre_v1 spectre_v2 spec_store_bypass l1tf mds
bogomips	: 4789.59
clflush size	: 64
cache_alignment	: 64
address sizes	: 36 bits physical, 48 bits virtual
power management:

processor	: 3
vendor_id	: GenuineIntel
cpu family	: 6
model		: 42
model name	: Intel(R) Core(TM) i5-2430M CPU @ 2.40GHz
stepping	: 7
microcode	: 0x2f
cpu MHz		: 1118.540
cache size	: 3072 KB
physical id	: 0
siblings	: 4
core id		: 1
cpu cores	: 2
apicid		: 3
initial apicid	: 3
fpu		: yes
fpu_exception	: yes
cpuid level	: 13
wp		: yes
flags		: fpu vme de pse tsc msr pae mce cx8 apic sep mtrr pge mca cmov pat pse36 clflush dts acpi mmx fxsr sse sse2 ss ht tm pbe syscall nx rdtscp lm constant_tsc arch_perfmon pebs bts rep_good nopl xtopology nonstop_tsc cpuid aperfmperf pni pclmulqdq dtes64 monitor ds_cpl vmx est tm2 ssse3 cx16 xtpr pdcm pcid sse4_1 sse4_2 x2apic popcnt tsc_deadline_timer aes xsave avx lahf_lm epb pti ssbd ibrs ibpb stibp tpr_shadow vnmi flexpriority ept vpid xsaveopt dtherm ida arat pln pts md_clear flush_l1d
bugs		: cpu_meltdown spectre_v1 spectre_v2 spec_store_bypass l1tf mds
bogomips	: 4789.59
clflush size	: 64
cache_alignment	: 64
address sizes	: 36 bits physical, 48 bits virtual
power management:



Memory: 4k page, physical 3931772k(122136k free), swap 2097148k(0k free)

vm_info: OpenJDK 64-Bit Server VM (25.212-b03) for linux-amd64 JRE (1.8.0_212-8u212-b03-0ubuntu1.18.04.1-b03), built on Apr 26 2019 01:04:36 by "buildd" with gcc 7.3.0

time: Wed Jul 24 12:56:38 2019
timezone: IST
elapsed time: 0 seconds (0d 0h 0m 0s)

